<?xml version="1.0" encoding="UTF-8" standalone="no"?><!DOCTYPE report PUBLIC "-//JACOCO//DTD Report 1.1//EN" "report.dtd"><report name="Pester (07/24/2023 17:49:21)"><sessioninfo id="this" start="1690220960302" dump="1690220961248" /><package name="Public"><class name="Public/Switch-ArmTriggerRuntimeStateToMatchAdfTrigger" sourcefilename="Switch-ArmTriggerRuntimeStateToMatchAdfTrigger.ps1"><method name="Switch-ArmTriggerRuntimeStateToMatchAdfTrigger" desc="()" line="36"><counter type="INSTRUCTION" missed="11" covered="39" /><counter type="LINE" missed="7" covered="30" /><counter type="METHOD" missed="0" covered="1" /></method><counter type="INSTRUCTION" missed="11" covered="39" /><counter type="LINE" missed="7" covered="30" /><counter type="METHOD" missed="0" covered="1" /><counter type="CLASS" missed="0" covered="1" /></class><sourcefile name="Switch-ArmTriggerRuntimeStateToMatchAdfTrigger.ps1"><line nr="36" mi="0" ci="1" mb="0" cb="0" /><line nr="37" mi="0" ci="1" mb="0" cb="0" /><line nr="38" mi="0" ci="1" mb="0" cb="0" /><line nr="40" mi="0" ci="3" mb="0" cb="0" /><line nr="41" mi="0" ci="1" mb="0" cb="0" /><line nr="42" mi="0" ci="3" mb="0" cb="0" /><line nr="44" mi="0" ci="2" mb="0" cb="0" /><line nr="45" mi="0" ci="2" mb="0" cb="0" /><line nr="46" mi="0" ci="1" mb="0" cb="0" /><line nr="47" mi="0" ci="1" mb="0" cb="0" /><line nr="48" mi="0" ci="1" mb="0" cb="0" /><line nr="49" mi="1" ci="2" mb="0" cb="0" /><line nr="50" mi="0" ci="1" mb="0" cb="0" /><line nr="51" mi="1" ci="0" mb="0" cb="0" /><line nr="52" mi="1" ci="0" mb="0" cb="0" /><line nr="53" mi="3" ci="0" mb="0" cb="0" /><line nr="54" mi="1" ci="0" mb="0" cb="0" /><line nr="55" mi="1" ci="0" mb="0" cb="0" /><line nr="58" mi="2" ci="0" mb="0" cb="0" /><line nr="59" mi="1" ci="0" mb="0" cb="0" /><line nr="63" mi="0" ci="1" mb="0" cb="0" /><line nr="64" mi="0" ci="1" mb="0" cb="0" /><line nr="65" mi="0" ci="1" mb="0" cb="0" /><line nr="68" mi="0" ci="1" mb="0" cb="0" /><line nr="69" mi="0" ci="1" mb="0" cb="0" /><line nr="72" mi="0" ci="1" mb="0" cb="0" /><line nr="73" mi="0" ci="3" mb="0" cb="0" /><line nr="75" mi="0" ci="1" mb="0" cb="0" /><line nr="76" mi="0" ci="1" mb="0" cb="0" /><line nr="77" mi="0" ci="1" mb="0" cb="0" /><line nr="78" mi="0" ci="1" mb="0" cb="0" /><line nr="79" mi="0" ci="1" mb="0" cb="0" /><line nr="80" mi="0" ci="1" mb="0" cb="0" /><line nr="81" mi="0" ci="1" mb="0" cb="0" /><line nr="82" mi="0" ci="1" mb="0" cb="0" /><line nr="83" mi="0" ci="1" mb="0" cb="0" /><line nr="85" mi="0" ci="1" mb="0" cb="0" /><counter type="INSTRUCTION" missed="11" covered="39" /><counter type="LINE" missed="7" covered="30" /><counter type="METHOD" missed="0" covered="1" /><counter type="CLASS" missed="0" covered="1" /></sourcefile><counter type="INSTRUCTION" missed="11" covered="39" /><counter type="LINE" missed="7" covered="30" /><counter type="METHOD" missed="0" covered="1" /><counter type="CLASS" missed="0" covered="1" /></package><counter type="INSTRUCTION" missed="11" covered="39" /><counter type="LINE" missed="7" covered="30" /><counter type="METHOD" missed="0" covered="1" /><counter type="CLASS" missed="0" covered="1" /></report>
